Performing C SOURCE FILE Test CMAKE_HAVE_LIBC_PTHREAD failed with the following output:
Change Dir: /home/fengsc/cpp/build/CMakeFiles/CMakeTmp

Run Build Command(s):/usr/bin/ninja cmTC_19aef && [1/2] Building C object CMakeFiles/cmTC_19aef.dir/src.c.o
[2/2] Linking C executable cmTC_19aef
FAILED: cmTC_19aef 
: && /usr/bin/gcc -DCMAKE_HAVE_LIBC_PTHREAD -rdynamic CMakeFiles/cmTC_19aef.dir/src.c.o -o cmTC_19aef   && :
/usr/bin/ld: CMakeFiles/cmTC_19aef.dir/src.c.o: in function `main':
src.c:(.text+0x46): undefined reference to `pthread_create'
/usr/bin/ld: src.c:(.text+0x52): undefined reference to `pthread_detach'
/usr/bin/ld: src.c:(.text+0x5e): undefined reference to `pthread_cancel'
/usr/bin/ld: src.c:(.text+0x6f): undefined reference to `pthread_join'
collect2: error: ld returned 1 exit status
ninja: build stopped: subcommand failed.


Source file was:
#include <pthread.h>

void* test_func(void* data)
{
  return data;
}

int main(void)
{
  pthread_t thread;
  pthread_create(&thread, NULL, test_func, NULL);
  pthread_detach(thread);
  pthread_cancel(thread);
  pthread_join(thread, NULL);
  pthread_atfork(NULL, NULL, NULL);
  pthread_exit(NULL);

  return 0;
}

Performing C++ SOURCE FILE Test FOLLY_STDLIB_LIBCXX failed with the following output:
Change Dir: /home/fengsc/cpp/build/CMakeFiles/CMakeTmp

Run Build Command(s):/usr/bin/ninja cmTC_ed046 && [1/2] Building CXX object CMakeFiles/cmTC_ed046.dir/src.cxx.o
[2/2] Linking CXX executable cmTC_ed046
FAILED: cmTC_ed046 
: && /usr/bin/g++ -DFOLLY_STDLIB_LIBCXX -rdynamic CMakeFiles/cmTC_ed046.dir/src.cxx.o -o cmTC_ed046  -ldl  -pthread && :
/usr/bin/ld: /usr/lib/gcc/x86_64-linux-gnu/10/../../../x86_64-linux-gnu/Scrt1.o: in function `_start':
(.text+0x24): undefined reference to `main'
collect2: error: ld returned 1 exit status
ninja: build stopped: subcommand failed.


Source file was:

  #include <type_traits>
  #if _LIBCPP_VERSION
  int main() {}
  #endif
Performing C++ SOURCE FILE Test FOLLY_STDLIB_LIBCXX_GE_9 failed with the following output:
Change Dir: /home/fengsc/cpp/build/CMakeFiles/CMakeTmp

Run Build Command(s):/usr/bin/ninja cmTC_04b2d && [1/2] Building CXX object CMakeFiles/cmTC_04b2d.dir/src.cxx.o
[2/2] Linking CXX executable cmTC_04b2d
FAILED: cmTC_04b2d 
: && /usr/bin/g++ -DFOLLY_STDLIB_LIBCXX_GE_9 -rdynamic CMakeFiles/cmTC_04b2d.dir/src.cxx.o -o cmTC_04b2d  -ldl  -pthread && :
/usr/bin/ld: /usr/lib/gcc/x86_64-linux-gnu/10/../../../x86_64-linux-gnu/Scrt1.o: in function `_start':
(.text+0x24): undefined reference to `main'
collect2: error: ld returned 1 exit status
ninja: build stopped: subcommand failed.


Source file was:

  #include <type_traits>
  #if _LIBCPP_VERSION >= 9000
  int main() {}
  #endif
Performing C++ SOURCE FILE Test FOLLY_STDLIB_LIBCPP failed with the following output:
Change Dir: /home/fengsc/cpp/build/CMakeFiles/CMakeTmp

Run Build Command(s):/usr/bin/ninja cmTC_ab8e2 && [1/2] Building CXX object CMakeFiles/cmTC_ab8e2.dir/src.cxx.o
[2/2] Linking CXX executable cmTC_ab8e2
FAILED: cmTC_ab8e2 
: && /usr/bin/g++ -DFOLLY_STDLIB_LIBCPP -rdynamic CMakeFiles/cmTC_ab8e2.dir/src.cxx.o -o cmTC_ab8e2  -ldl  -pthread && :
/usr/bin/ld: /usr/lib/gcc/x86_64-linux-gnu/10/../../../x86_64-linux-gnu/Scrt1.o: in function `_start':
(.text+0x24): undefined reference to `main'
collect2: error: ld returned 1 exit status
ninja: build stopped: subcommand failed.


Source file was:

  #include <type_traits>
  #if _CPPLIB_VER
  int main() {}
  #endif
Determining if the include file jemalloc/jemalloc.h exists failed with the following output:
Change Dir: /home/fengsc/cpp/build/CMakeFiles/CMakeTmp

Run Build Command(s):/usr/bin/ninja cmTC_792a8 && [1/2] Building CXX object CMakeFiles/cmTC_792a8.dir/CheckIncludeFile.cxx.o
FAILED: CMakeFiles/cmTC_792a8.dir/CheckIncludeFile.cxx.o 
/usr/bin/g++ -D_GNU_SOURCE  -pthread -o CMakeFiles/cmTC_792a8.dir/CheckIncludeFile.cxx.o -c CheckIncludeFile.cxx
CheckIncludeFile.cxx:1:10: fatal error: jemalloc/jemalloc.h: No such file or directory
    1 | #include <jemalloc/jemalloc.h>
      |          ^~~~~~~~~~~~~~~~~~~~~
compilation terminated.
ninja: build stopped: subcommand failed.



Performing C++ SOURCE FILE Test COMPILER_HAS_UNKNOWN_WARNING_OPTION failed with the following output:
Change Dir: /home/fengsc/cpp/build/CMakeFiles/CMakeTmp

Run Build Command(s):/usr/bin/ninja cmTC_b05cb && [1/2] Building CXX object CMakeFiles/cmTC_b05cb.dir/src.cxx.o
FAILED: CMakeFiles/cmTC_b05cb.dir/src.cxx.o 
/usr/bin/g++   -DCOMPILER_HAS_UNKNOWN_WARNING_OPTION   -Werror=unknown-warning-option -pthread -o CMakeFiles/cmTC_b05cb.dir/src.cxx.o -c src.cxx
cc1plus: error: '-Werror=unknown-warning-option': no option '-Wunknown-warning-option'
ninja: build stopped: subcommand failed.


Source file was:
int main() { return 0; }
Performing C++ SOURCE FILE Test COMPILER_HAS_W_NULLABILITY_COMPLETENESS failed with the following output:
Change Dir: /home/fengsc/cpp/build/CMakeFiles/CMakeTmp

Run Build Command(s):/usr/bin/ninja cmTC_919a9 && [1/2] Building CXX object CMakeFiles/cmTC_919a9.dir/src.cxx.o
FAILED: CMakeFiles/cmTC_919a9.dir/src.cxx.o 
/usr/bin/g++   -DCOMPILER_HAS_W_NULLABILITY_COMPLETENESS   -Wnullability-completeness -pthread -o CMakeFiles/cmTC_919a9.dir/src.cxx.o -c src.cxx
g++: error: unrecognized command-line option '-Wnullability-completeness'
ninja: build stopped: subcommand failed.


Source file was:
int main() { return 0; }
Performing C++ SOURCE FILE Test COMPILER_HAS_W_INCONSISTENT_MISSING_OVERRIDE failed with the following output:
Change Dir: /home/fengsc/cpp/build/CMakeFiles/CMakeTmp

Run Build Command(s):/usr/bin/ninja cmTC_f7b9d && [1/2] Building CXX object CMakeFiles/cmTC_f7b9d.dir/src.cxx.o
FAILED: CMakeFiles/cmTC_f7b9d.dir/src.cxx.o 
/usr/bin/g++   -DCOMPILER_HAS_W_INCONSISTENT_MISSING_OVERRIDE   -Winconsistent-missing-override -pthread -o CMakeFiles/cmTC_f7b9d.dir/src.cxx.o -c src.cxx
g++: error: unrecognized command-line option '-Winconsistent-missing-override'
ninja: build stopped: subcommand failed.


Source file was:
int main() { return 0; }
